<?xml version="1.0" encoding="UTF-8"?>
<!-- Generated by org.testng.reporters.JUnitReportReporter -->
<testsuite hostname="Pradeep" failures="0" tests="6" name="job.Licensing" time="0.035" errors="0" timestamp="2025-05-17T17:31:05 IST" skipped="0">
  <testcase classname="job.Licensing" name="createSO" time="0.010"/>
  <testcase classname="job.Licensing" name="createInvoice" time="0.006"/>
  <testcase classname="job.Licensing" name="createLicense" time="0.003"/>
  <testcase classname="job.Licensing" name="licenseDataVerification" time="0.001"/>
  <testcase classname="job.Licensing" name="checkOrchestrationJobs" time="0.007"/>
  <testcase classname="job.Licensing" name="databaseChecking" time="0.008"/>
</testsuite> <!-- job.Licensing -->
