<?xml version="1.0" encoding="UTF-8"?>
<!-- Generated by org.testng.reporters.JUnitReportReporter -->
<testsuite hostname="Pradeep" failures="0" tests="1" name="job.LicensingTest" time="0.012" errors="0" timestamp="2025-05-19T16:42:16 IST" skipped="0">
  <testcase classname="job.LicensingTest" name="createLicense" time="0.012"/>
</testsuite> <!-- job.LicensingTest -->
