<?xml version="1.0" encoding="UTF-8"?>
<!-- Generated by org.testng.reporters.JUnitReportReporter -->
<testsuite hostname="Pradeep" failures="0" tests="1" name="job.salesOrderTest" time="0.046" errors="0" timestamp="2025-05-21T13:10:12 IST" skipped="0">
  <testcase classname="job.salesOrderTest" name="createSO" time="0.046"/>
</testsuite> <!-- job.salesOrderTest -->
