<?xml version="1.0" encoding="UTF-8"?>
<!-- Generated by org.testng.reporters.JUnitReportReporter -->
<testsuite hostname="Pradeep" failures="0" tests="1" name="job.solarwinds" time="0.014" errors="0" timestamp="2025-05-17T17:26:38 IST" skipped="0">
  <testcase classname="job.solarwinds" name="SalesOrder" time="0.014"/>
</testsuite> <!-- job.solarwinds -->
