<?xml version="1.0" encoding="UTF-8"?>
<!-- Generated by org.testng.reporters.JUnitReportReporter -->
<testsuite hostname="Pradeep" failures="0" tests="1" name="job.InvoiceTest" time="0.008" errors="0" timestamp="2025-05-19T17:23:16 IST" skipped="0">
  <testcase classname="job.InvoiceTest" name="createInvoice" time="0.008"/>
</testsuite> <!-- job.InvoiceTest -->
