<?xml version="1.0" encoding="UTF-8"?>
<!-- Generated by org.testng.reporters.JUnitReportReporter -->
<testsuite hostname="Pradeep" failures="0" tests="1" name="job.salesOrderTest" time="0.010" errors="0" timestamp="2025-05-19T16:41:36 IST" skipped="0">
  <testcase classname="job.salesOrderTest" name="createSO" time="0.010"/>
</testsuite> <!-- job.salesOrderTest -->
